\BOOKMARK [0][-]{chapter.0.0.0}{\376\377\255\120\307\254\000\040\255\154\301\061\000\040\274\017\000\040\326\134\306\251\274\225}{}% 1
\BOOKMARK [1][-]{section*.1}{\376\377\255\120\307\254\000\040\301\214\254\034\000\040\000:\000\040\262\350\306\320\307\104\000\040\261\030\260\230\264\344\272\160\000\040\325\150\302\030\271\174\000\040\311\021\302\354\307\074\270\134\000\040\325\131\302\265\325\130\262\224\000\040\310\004\274\224\307\004\000\040\321\265\325\151\254\034\261\120\301\034}{chapter.0.0.0}% 2
\BOOKMARK [1][-]{section*.2}{\376\377\255\120\307\254\000\040\255\154\301\061}{chapter.0.0.0}% 3
\BOOKMARK [1][-]{section*.3}{\376\377\255\120\307\254\000\040\326\134\306\251\274\225\000\040\000:\000\040\262\344\326\214\263\305\307\104\000\040\321\265\325\134\000\040\254\034\261\120\000\040\255\154\310\160\307\130\000\040\326\125\271\275}{chapter.0.0.0}% 4
\BOOKMARK [1][-]{section*.4}{\376\377\262\350\306\320\274\304\000\040\254\365\275\200\274\225}{chapter.0.0.0}% 5
\BOOKMARK [-2][-]{book.1}{\376\377\000Z\000e\000r\000o\000\051\000\040\306\251\305\264\306\100\000\040\254\034\261\120}{}% 6
\BOOKMARK [-1][-]{part.1.1}{\376\377\000Z\000e\000r\000o\000\040\0001\000\051\000\040\325\150\302\030\000\040\307\164\310\004\307\130\000\040\256\060\274\370\000\040\254\034\261\120}{book.1}% 7
\BOOKMARK [0][-]{chapter.1.1.1}{\376\377\311\321\325\151}{part.1.1}% 8
\BOOKMARK [1][-]{section*.17}{\376\377\311\321\325\151\254\374\000\040\306\320\301\214}{chapter.1.1.1}% 9
\BOOKMARK [1][-]{section*.23}{\376\377\311\321\325\151\000\040\300\254\307\164\307\130\000\040\323\354\325\150\000\040\255\000\254\304}{chapter.1.1.1}% 10
\BOOKMARK [1][-]{section*.27}{\376\377\311\321\325\151\307\130\000\040\305\360\300\260}{chapter.1.1.1}% 11
\BOOKMARK [1][-]{section*.32}{\376\377\311\321\325\151\307\130\000\040\305\360\300\260}{chapter.1.1.1}% 12
\BOOKMARK [0][-]{chapter.1.1.2}{\376\377\302\344\302\030\000\040\314\264\254\304\306\100\000\040\255\154\254\004\324\134\256\060\274\225}{part.1.1}% 13
\BOOKMARK [1][-]{section*.38}{\376\377\302\344\302\030\000\040\314\264\254\304}{chapter.1.1.2}% 14
\BOOKMARK [1][-]{section*.44}{\376\377\302\344\302\030\271\174\000\040\274\024\267\174\274\364\262\224\000\040\255\000\310\020}{chapter.1.1.2}% 15
\BOOKMARK [1][-]{section*.47}{\376\377\255\154\254\004\324\134\256\060\274\225}{chapter.1.1.2}% 16
\BOOKMARK [0][-]{chapter.1.1.3}{\376\377\305\354\267\354\000\040\254\000\311\300\000\040\302\335}{part.1.1}% 17
\BOOKMARK [1][-]{section*.52}{\376\377\264\361\302\335}{chapter.1.1.3}% 18
\BOOKMARK [1][-]{section*.54}{\376\377\262\344\325\155\302\335\307\130\000\040\305\360\300\260}{chapter.1.1.3}% 19
\BOOKMARK [1][-]{section*.60}{\376\377\274\051\310\025\302\335}{chapter.1.1.3}% 20
\BOOKMARK [1][-]{section*.64}{\376\377\275\200\264\361\302\335}{chapter.1.1.3}% 21
\BOOKMARK [0][-]{chapter.1.1.4}{\376\377\272\205\310\034}{part.1.1}% 22
\BOOKMARK [1][-]{section*.68}{\376\377\272\205\310\034}{chapter.1.1.4}% 23
\BOOKMARK [1][-]{section*.69}{\376\377\310\160\254\164}{chapter.1.1.4}% 24
\BOOKMARK [1][-]{section*.71}{\376\377\272\205\310\034\307\130\000\040\275\200\310\025}{chapter.1.1.4}% 25
\BOOKMARK [1][-]{section*.72}{\376\377\000`\272\250\264\340\000'\254\374\000\040\000`\305\264\265\244\000'}{chapter.1.1.4}% 26
\BOOKMARK [1][-]{section*.76}{\376\377\254\000\310\025\254\374\000\040\254\260\270\140\307\074\270\134\000\040\255\154\301\061\264\034\000\040\272\205\310\034}{chapter.1.1.4}% 27
\BOOKMARK [1][-]{section*.78}{\376\377\310\025\307\130\000,\000\040\311\235\272\205\000,\000\040\310\025\271\254}{chapter.1.1.4}% 28
\BOOKMARK [1][-]{section*.81}{\376\377\325\104\306\224\310\160\254\164\254\374\000\040\315\251\275\204\310\160\254\164}{chapter.1.1.4}% 29
\BOOKMARK [0][-]{chapter.1.1.5}{\376\377\323\311\272\164\310\214\324\134}{part.1.1}% 30
\BOOKMARK [1][-]{section*.82}{\376\377\310\214\324\134\323\311\272\164}{chapter.1.1.5}% 31
\BOOKMARK [1][-]{section*.83}{\376\377\323\311\272\164\310\214\324\134}{chapter.1.1.5}% 32
\BOOKMARK [1][-]{section*.84}{\376\377\264\120\000\040\310\020\000\040\300\254\307\164\307\130\000\040\254\160\271\254}{chapter.1.1.5}% 33
\BOOKMARK [1][-]{section*.85}{\376\377\260\264\275\204\310\020\254\374\000\040\306\170\275\204\310\020}{chapter.1.1.5}% 34
\BOOKMARK [1][-]{section*.86}{\376\377\273\064\254\214\311\021\302\354}{chapter.1.1.5}% 35
\BOOKMARK [1][-]{section*.87}{\376\377\263\304\326\025\307\130\000\040\274\051\310\025\302\335}{chapter.1.1.5}% 36
\BOOKMARK [1][-]{section*.95}{\376\377\323\311\325\211\307\164\263\331\254\374\000\040\263\000\316\155\307\164\263\331}{chapter.1.1.5}% 37
\BOOKMARK [-1][-]{part.1.2}{\376\377\000Z\000e\000r\000o\000\040\0002\000\051\000\040\325\150\302\030\306\100\000\040\305\360\255\000\264\034\000\040\256\060\274\370\000\040\254\034\261\120}{book.1}% 38
\BOOKMARK [0][-]{chapter.1.2.1}{\376\377\325\150\302\030}{part.1.2}% 39
\BOOKMARK [1][-]{section*.100}{\376\377\263\000\307\121\254\374\000\040\325\150\302\030}{chapter.1.2.1}% 40
\BOOKMARK [1][-]{section*.108}{\376\377\325\150\302\030\000\040\255\000\270\050\000\040\306\251\305\264\307\130\000\040\310\025\307\130}{chapter.1.2.1}% 41
\BOOKMARK [1][-]{section*.113}{\376\377\325\150\302\030\307\130\000\040\301\034\270\134\000\040\254\031\307\114}{chapter.1.2.1}% 42
\BOOKMARK [1][-]{section*.114}{\376\377\325\150\302\030\307\130\000\040\255\370\267\230\325\004}{chapter.1.2.1}% 43
\BOOKMARK [1][-]{section*.115}{\376\377\305\354\267\354\000\040\254\000\311\300\000\040\325\150\302\030}{chapter.1.2.1}% 44
\BOOKMARK [1][-]{section*.118}{\376\377\325\150\302\030\307\130\000\040\325\151\301\061}{chapter.1.2.1}% 45
\BOOKMARK [1][-]{section*.121}{\376\377\305\355\325\150\302\030}{chapter.1.2.1}% 46
\BOOKMARK [0][-]{chapter.1.2.2}{\376\377\311\300\302\030\274\225\316\131}{part.1.2}% 47
\BOOKMARK [1][-]{section*.127}{\376\377\311\021\325\131\255\120\000\040\311\300\302\030\274\225\316\131\000\040\000:\000\040\307\220\305\360\302\030\000\040\311\300\302\030}{chapter.1.2.2}% 48
\BOOKMARK [1][-]{section*.128}{\376\377\254\340\264\361\325\131\255\120\000\040\311\300\302\030\274\225\316\131\000\040\000:\000\040\324\134\326\004\307\100\000\040\307\174\255\000\310\001\307\074\270\134\000,\000\040\307\130\273\370\262\224\000\040\263\124\000\040\261\023\254\214\000\040\326\125\307\245\325\130\256\060}{chapter.1.2.2}% 49
\BOOKMARK [1][-]{section*.132}{\376\377\270\134\255\370}{chapter.1.2.2}% 50
\BOOKMARK [1][-]{section*.135}{\376\377\311\300\302\030\325\150\302\030\306\100\000\040\270\134\255\370\325\150\302\030\307\130\000\040\310\025\307\130}{chapter.1.2.2}% 51
\BOOKMARK [1][-]{section*.139}{\376\377\311\300\302\030\325\150\302\030\306\100\000\040\270\134\255\370\325\150\302\030\307\130\000\040\255\370\267\230\325\004}{chapter.1.2.2}% 52
\BOOKMARK [0][-]{chapter.1.2.3}{\376\377\254\365\321\265\000\040\300\274\254\001\325\150\302\030}{part.1.2}% 53
\BOOKMARK [1][-]{section*.143}{\376\377\307\174\274\030\254\001}{chapter.1.2.3}% 54
\BOOKMARK [1][-]{section*.144}{\376\377\326\070\263\304\274\225}{chapter.1.2.3}% 55
\BOOKMARK [1][-]{section*.145}{\376\377\300\274\254\001\276\104}{chapter.1.2.3}% 56
\BOOKMARK [1][-]{section*.146}{\376\377\300\274\254\001\325\150\302\030}{chapter.1.2.3}% 57
\BOOKMARK [1][-]{section*.149}{\376\377\300\274\254\001\325\150\302\030\307\130\000\040\326\134\306\251}{chapter.1.2.3}% 58
\BOOKMARK [0][-]{chapter.1.2.4}{\376\377\302\030\305\364}{part.1.2}% 59
\BOOKMARK [1][-]{section*.156}{\376\377\302\030\305\364\307\130\000\040\310\025\307\130}{chapter.1.2.4}% 60
\BOOKMARK [1][-]{section*.160}{\376\377\264\361\314\050\302\030\305\364\254\374\000\040\264\361\276\104\302\030\305\364}{chapter.1.2.4}% 61
\BOOKMARK [1][-]{section*.163}{\376\377\305\354\267\354\000\040\254\000\311\300\000\040\302\030\305\364\307\130\000\040\325\151}{chapter.1.2.4}% 62
\BOOKMARK [1][-]{section*.168}{\376\377\302\030\325\131\310\001\255\300\260\251\274\225}{chapter.1.2.4}% 63
\BOOKMARK [-1][-]{part.1.3}{\376\377\000Z\000e\000r\000o\000\040\0003\000\051\000\040\325\150\302\030\000\040\307\164\326\304\307\130\000\040\256\060\274\370\000\040\254\034\261\120}{book.1}% 64
\BOOKMARK [0][-]{chapter.1.3.1}{\376\377\325\150\302\030\307\130\000\040\255\371\325\134}{part.1.3}% 65
\BOOKMARK [1][-]{section*.171}{\376\377\000x\000\040\000,\000\040\000x\000\040\000-\307\130\000\040\307\130\273\370}{chapter.1.3.1}% 66
\BOOKMARK [1][-]{section*.172}{\376\377\310\214\255\371\325\134\000,\000\040\306\260\255\371\325\134\000,\000\040\255\371\325\134}{chapter.1.3.1}% 67
\BOOKMARK [1][-]{section*.181}{\376\377\325\150\302\030\307\130\000\040\305\360\301\215}{chapter.1.3.1}% 68
\BOOKMARK [0][-]{chapter.1.3.2}{\376\377\273\370\275\204\274\225}{part.1.3}% 69
\BOOKMARK [1][-]{section*.189}{\376\377\323\311\255\340\274\300\326\124\307\050\254\374\000\040\302\034\254\004\274\300\326\124\307\050}{chapter.1.3.2}% 70
\BOOKMARK [1][-]{section*.190}{\376\377\273\370\275\204\254\304\302\030}{chapter.1.3.2}% 71
\BOOKMARK [1][-]{section*.191}{\376\377\323\311\255\340\274\300\326\124\307\050\254\374\000\040\302\034\254\004\274\300\326\124\307\050\307\130\000\040\256\060\325\130\325\131\310\001\000\040\307\130\273\370}{chapter.1.3.2}% 72
\BOOKMARK [1][-]{section*.192}{\376\377\273\370\275\204\254\000\262\245\254\374\000\040\305\360\301\215\307\130\000\040\255\000\254\304}{chapter.1.3.2}% 73
\BOOKMARK [1][-]{section*.195}{\376\377\263\304\325\150\302\030}{chapter.1.3.2}% 74
\BOOKMARK [1][-]{section*.199}{\376\377\273\370\275\204\274\225}{chapter.1.3.2}% 75
\BOOKMARK [1][-]{section*.207}{\376\377\263\304\325\150\302\030\307\130\000\040\326\134\306\251}{chapter.1.3.2}% 76
\BOOKMARK [0][-]{chapter.1.3.3}{\376\377\310\001\275\204\274\225}{part.1.3}% 77
\BOOKMARK [1][-]{section*.211}{\376\377\310\001\275\204\274\225\000\040\000:\000\040\273\370\275\204\274\225\307\104\000\040\305\355\307\164\306\251\325\130\256\060}{chapter.1.3.3}% 78
\BOOKMARK [1][-]{section*.213}{\376\377\275\200\310\025\310\001\275\204}{chapter.1.3.3}% 79
\BOOKMARK [1][-]{section*.216}{\376\377\000x\000n\307\130\000\040\275\200\310\025\310\001\275\204}{chapter.1.3.3}% 80
\BOOKMARK [1][-]{section*.217}{\376\377\275\200\310\025\310\001\275\204\307\100\000\040\310\025\310\001\275\204\307\104\000\040\254\304\300\260\325\130\256\060\000\040\307\004\325\134\000\040\302\030\262\350}{chapter.1.3.3}% 81
\BOOKMARK [1][-]{section*.218}{\376\377\255\154\254\004\261\023\307\164}{chapter.1.3.3}% 82
\BOOKMARK [1][-]{section*.219}{\376\377\310\025\310\001\275\204}{chapter.1.3.3}% 83
\BOOKMARK [1][-]{section*.223}{\376\377\310\025\310\001\275\204\254\374\000\040\273\370\275\204\307\130\000\040\255\000\254\304}{chapter.1.3.3}% 84
\BOOKMARK [1][-]{section*.224}{\376\377\310\025\310\001\275\204\307\130\000\040\326\134\306\251}{chapter.1.3.3}% 85
\BOOKMARK [-2][-]{book.2}{\376\377\000G\000r\000a\000p\000h\000\051\000\040\325\150\302\030\307\130\000\040\301\061\311\310\254\374\000\040\302\334\254\001\326\124}{}% 86
\BOOKMARK [-1][-]{part.2.0}{\376\377\000G\000r\000a\000p\000h\000\040\0000\000\051\000\040\310\214\324\134\323\311\272\164\254\374\000\040\255\370\267\230\325\004\000\040\325\164\301\035\307\130\000\040\256\060\315\010}{book.2}% 87
\BOOKMARK [0][-]{chapter.2.0.1}{\376\377\256\060\315\010\254\034\261\120\000\040\326\125\307\170\325\130\256\060}{part.2.0}% 88
\BOOKMARK [1][-]{section*.231}{\376\377\000x\000y\262\224\000\040\310\214\324\134\323\311\272\164\000\040\310\004\314\264\271\174\000\040\260\230\320\300\260\270\262\344}{chapter.2.0.1}% 89
\BOOKMARK [1][-]{section*.233}{\376\377\000x\000=\000k\306\100\000\040\000y\000=\000k\254\000\000\040\260\230\320\300\260\264\262\224\000\040\263\304\326\025}{chapter.2.0.1}% 90
\BOOKMARK [1][-]{section*.235}{\376\377\000y\000=\000f\000\050\000\040\000x\000\040\000\051\000\040\254\000\000\040\260\230\320\300\260\264\262\224\000\040\263\304\326\025}{chapter.2.0.1}% 91
\BOOKMARK [1][-]{section*.237}{\376\377\256\060\274\370\310\001\307\170\000\040\275\200\264\361\302\335\307\164\000\040\260\230\320\300\260\264\262\224\000\040\263\304\326\025}{chapter.2.0.1}% 92
\BOOKMARK [1][-]{section*.239}{\376\377\000y\000>\000f\000\050\000\040\000x\000\040\000\051\000\040\306\100\000\040\000y\000<\000f\000\050\000\040\000x\000\040\000\051\000\040\254\000\000\040\260\230\320\300\260\264\262\224\000\040\263\304\326\025}{chapter.2.0.1}% 93
\BOOKMARK [1][-]{section*.240}{\376\377\275\200\264\361\302\335\307\130\000\040\306\001\305\355}{chapter.2.0.1}% 94
\BOOKMARK [0][-]{chapter.2.0.2}{\376\377\255\370\267\230\325\004\271\174\000\040\262\344\270\360\000\040\265\114\000\040\310\374\307\130\325\164\305\174\000\040\325\140\000\040\256\060\274\370\000\040\306\224\301\214}{part.2.0}% 95
\BOOKMARK [1][-]{section*.242}{\376\377\310\214\324\134\315\225\254\374\000\040\306\320\310\020}{chapter.2.0.2}% 96
\BOOKMARK [1][-]{section*.243}{\376\377\310\214\324\134\315\225\305\320\000\040\302\030\311\301\307\170\000\040\311\301\301\040}{chapter.2.0.2}% 97
\BOOKMARK [1][-]{section*.244}{\376\377\310\025\307\130\305\355}{chapter.2.0.2}% 98
\BOOKMARK [1][-]{section*.245}{\376\377\316\130\305\355}{chapter.2.0.2}% 99
\BOOKMARK [1][-]{section*.246}{\376\377\310\214\324\134\315\225\254\374\307\130\000\040\255\120\310\020\000\050\310\010\323\270\000\051}{chapter.2.0.2}% 100
\BOOKMARK [1][-]{section*.247}{\376\377\325\150\302\053\254\022\307\130\000\040\275\200\326\070}{chapter.2.0.2}% 101
\BOOKMARK [1][-]{section*.248}{\376\377\325\134\000\040\310\020\000\040\000a\000f\000\050\000\040\000a\000\040\000\051\000\040\254\000\000\040\310\374\305\264\310\114\307\104\000\040\265\114\000\040\310\214\324\134\323\311\272\164\305\320\301\034\000\040\277\121\305\104\260\274\000\040\302\030\000\040\307\210\262\224\000\040\310\025\274\364}{chapter.2.0.2}% 102
\BOOKMARK [0][-]{chapter.2.0.3}{\376\377\255\370\267\230\325\004\270\134\000\040\325\164\301\035\325\130\262\224\000\040\274\051\310\025\302\335\254\374\000\040\275\200\264\361\302\335}{part.2.0}% 103
\BOOKMARK [1][-]{section*.249}{\376\377\274\051\310\025\302\335\254\374\000\040\255\370\267\230\325\004}{chapter.2.0.3}% 104
\BOOKMARK [1][-]{section*.250}{\376\377\275\200\264\361\302\335\254\374\000\040\255\370\267\230\325\004}{chapter.2.0.3}% 105
\BOOKMARK [1][-]{section*.251}{\376\377\307\164\314\050\325\150\302\030\307\130\000\040\255\370\267\230\325\004\306\100\000\040\307\164\314\050\275\200\264\361\302\335}{chapter.2.0.3}% 106
